# Logfile created on 2011-09-25 06:54:17 -0700 by logger.rb/25413
REQUESTING PAGE: GET /robots/new with {} and HTTP headers {}
REQUESTING PAGE: GET http://www.example.com/users/login with {} and HTTP headers {"HTTP_REFERER"=>"/robots/new"}
REQUESTING PAGE: GET /robots/new with {} and HTTP headers {}
REQUESTING PAGE: GET http://www.example.com/users/login with {} and HTTP headers {"HTTP_REFERER"=>"/robots/new"}
REQUESTING PAGE: GET /robots/new with {} and HTTP headers {}
REQUESTING PAGE: GET http://www.example.com/users/login with {} and HTTP headers {"HTTP_REFERER"=>"/robots/new"}
REQUESTING PAGE: GET /robots/new with {} and HTTP headers {}
REQUESTING PAGE: POST /robots with {"utf8"=>"\xE2\x9C\x93", "robot"=>{"name"=>"", "model"=>"", "description"=>"", "hardware"=>"", "software"=>"", "applications"=>""}, "commit"=>"Create Robot"} and HTTP headers {"HTTP_REFERER"=>"/robots/new"}
REQUESTING PAGE: GET /robots/new with {} and HTTP headers {}
REQUESTING PAGE: POST /robots with {"utf8"=>"\xE2\x9C\x93", "robot"=>{"name"=>"Test Robot", "model"=>"Test Model", "description"=>"Test Description", "hardware"=>"Test Hardware", "software"=>"Test Software", "applications"=>"Test Applications"}, "commit"=>"Create Robot"} and HTTP headers {"HTTP_REFERER"=>"/robots/new"}
REQUESTING PAGE: GET /robots/new with {} and HTTP headers {}
REQUESTING PAGE: POST /robots with {"utf8"=>"\xE2\x9C\x93", "robot"=>{"name"=>"", "model"=>"", "description"=>"", "hardware"=>"", "software"=>"", "applications"=>""}, "commit"=>"Create Robot"} and HTTP headers {"HTTP_REFERER"=>"/robots/new"}
REQUESTING PAGE: GET /robots/new with {} and HTTP headers {}
REQUESTING PAGE: POST /robots with {"utf8"=>"\xE2\x9C\x93", "robot"=>{"name"=>"Test Robot", "model"=>"Test Model", "description"=>"Test Description", "hardware"=>"Test Hardware", "software"=>"Test Software", "applications"=>"Test Applications"}, "commit"=>"Create Robot"} and HTTP headers {"HTTP_REFERER"=>"/robots/new"}
REQUESTING PAGE: GET /robots/new with {} and HTTP headers {}
REQUESTING PAGE: POST /robots with {"utf8"=>"\xE2\x9C\x93", "robot"=>{"name"=>"", "model"=>"", "description"=>"", "hardware"=>"", "software"=>"", "applications"=>""}, "commit"=>"Create Robot"} and HTTP headers {"HTTP_REFERER"=>"/robots/new"}
REQUESTING PAGE: GET /robots/new with {} and HTTP headers {}
REQUESTING PAGE: POST /robots with {"utf8"=>"\xE2\x9C\x93", "robot"=>{"name"=>"Test Robot", "model"=>"Test Model", "description"=>"Test Description", "hardware"=>"Test Hardware", "software"=>"Test Software", "applications"=>"Test Applications"}, "commit"=>"Create Robot"} and HTTP headers {"HTTP_REFERER"=>"/robots/new"}
REQUESTING PAGE: GET /robots/new with {} and HTTP headers {}
REQUESTING PAGE: GET http://www.example.com/users/login with {} and HTTP headers {"HTTP_REFERER"=>"/robots/new"}
REQUESTING PAGE: GET /robots/new with {} and HTTP headers {}
REQUESTING PAGE: GET http://www.example.com/users/login with {} and HTTP headers {"HTTP_REFERER"=>"/robots/new"}
REQUESTING PAGE: GET /users/register/register with {} and HTTP headers {}
REQUESTING PAGE: POST /users/register with {"utf8"=>"\xE2\x9C\x93", "user"=>{"email"=>"", "password"=>"", "password_confirmation"=>""}, "commit"=>"Sign up"} and HTTP headers {"HTTP_REFERER"=>"/users/register/register"}
REQUESTING PAGE: GET /users/register/register with {} and HTTP headers {}
REQUESTING PAGE: POST /users/register with {"utf8"=>"\xE2\x9C\x93", "user"=>{"email"=>"test@test.com", "password"=>"testme", "password_confirmation"=>"testme"}, "commit"=>"Sign up"} and HTTP headers {"HTTP_REFERER"=>"/users/register/register"}
REQUESTING PAGE: GET http://www.example.com/ with {} and HTTP headers {"HTTP_REFERER"=>"/users/register"}
REQUESTING PAGE: GET /users/register/register with {} and HTTP headers {}
REQUESTING PAGE: POST /users/register with {"utf8"=>"\xE2\x9C\x93", "user"=>{"email"=>"", "password"=>"", "password_confirmation"=>""}, "commit"=>"Sign up"} and HTTP headers {"HTTP_REFERER"=>"/users/register/register"}
REQUESTING PAGE: GET /users/register/register with {} and HTTP headers {}
REQUESTING PAGE: POST /users/register with {"utf8"=>"\xE2\x9C\x93", "user"=>{"email"=>"test@test.com", "password"=>"testme", "password_confirmation"=>"testme"}, "commit"=>"Sign up"} and HTTP headers {"HTTP_REFERER"=>"/users/register/register"}
REQUESTING PAGE: GET http://www.example.com/ with {} and HTTP headers {"HTTP_REFERER"=>"/users/register"}
REQUESTING PAGE: GET /users/register/register with {} and HTTP headers {}
REQUESTING PAGE: POST /users/register with {"utf8"=>"\xE2\x9C\x93", "user"=>{"email"=>"", "password"=>"", "password_confirmation"=>""}, "commit"=>"Sign up"} and HTTP headers {"HTTP_REFERER"=>"/users/register/register"}
REQUESTING PAGE: GET /users/register/register with {} and HTTP headers {}
REQUESTING PAGE: POST /users/register with {"utf8"=>"\xE2\x9C\x93", "user"=>{"email"=>"test@test.com", "password"=>"testme", "password_confirmation"=>"testme"}, "commit"=>"Sign up"} and HTTP headers {"HTTP_REFERER"=>"/users/register/register"}
REQUESTING PAGE: GET http://www.example.com/ with {} and HTTP headers {"HTTP_REFERER"=>"/users/register"}
REQUESTING PAGE: GET /users/register/register with {} and HTTP headers {}
REQUESTING PAGE: POST /users/register with {"utf8"=>"\xE2\x9C\x93", "user"=>{"email"=>"", "password"=>"", "password_confirmation"=>""}, "commit"=>"Sign up"} and HTTP headers {"HTTP_REFERER"=>"/users/register/register"}
REQUESTING PAGE: GET /users/register/register with {} and HTTP headers {}
REQUESTING PAGE: POST /users/register with {"utf8"=>"\xE2\x9C\x93", "user"=>{"email"=>"test@test.com", "password"=>"testme", "password_confirmation"=>"testme"}, "commit"=>"Sign up"} and HTTP headers {"HTTP_REFERER"=>"/users/register/register"}
REQUESTING PAGE: GET http://www.example.com/ with {} and HTTP headers {"HTTP_REFERER"=>"/users/register"}
REQUESTING PAGE: GET /users/register/register with {} and HTTP headers {}
REQUESTING PAGE: POST /users/register with {"utf8"=>"\xE2\x9C\x93", "user"=>{"email"=>"", "password"=>"", "password_confirmation"=>""}, "commit"=>"Sign up"} and HTTP headers {"HTTP_REFERER"=>"/users/register/register"}
REQUESTING PAGE: GET /users/register/register with {} and HTTP headers {}
REQUESTING PAGE: POST /users/register with {"utf8"=>"\xE2\x9C\x93", "user"=>{"email"=>"test@test.com", "password"=>"testme", "password_confirmation"=>"testme"}, "commit"=>"Sign up"} and HTTP headers {"HTTP_REFERER"=>"/users/register/register"}
REQUESTING PAGE: GET http://www.example.com/ with {} and HTTP headers {"HTTP_REFERER"=>"/users/register"}
REQUESTING PAGE: GET /users/register/register with {} and HTTP headers {}
REQUESTING PAGE: POST /users/register with {"utf8"=>"\xE2\x9C\x93", "user"=>{"email"=>"", "password"=>"", "password_confirmation"=>""}, "commit"=>"Sign up"} and HTTP headers {"HTTP_REFERER"=>"/users/register/register"}
REQUESTING PAGE: GET /users/register/register with {} and HTTP headers {}
REQUESTING PAGE: POST /users/register with {"utf8"=>"\xE2\x9C\x93", "user"=>{"email"=>"test@test.com", "password"=>"testme", "password_confirmation"=>"testme"}, "commit"=>"Sign up"} and HTTP headers {"HTTP_REFERER"=>"/users/register/register"}
REQUESTING PAGE: GET http://www.example.com/ with {} and HTTP headers {"HTTP_REFERER"=>"/users/register"}
REQUESTING PAGE: GET /users/register/register with {} and HTTP headers {}
REQUESTING PAGE: POST /users/register with {"utf8"=>"\xE2\x9C\x93", "user"=>{"email"=>"", "password"=>"", "password_confirmation"=>""}, "commit"=>"Sign up"} and HTTP headers {"HTTP_REFERER"=>"/users/register/register"}
REQUESTING PAGE: GET /users/register/register with {} and HTTP headers {}
REQUESTING PAGE: POST /users/register with {"utf8"=>"\xE2\x9C\x93", "user"=>{"email"=>"test@test.com", "password"=>"testme", "password_confirmation"=>"testme"}, "commit"=>"Sign up"} and HTTP headers {"HTTP_REFERER"=>"/users/register/register"}
REQUESTING PAGE: GET http://www.example.com/ with {} and HTTP headers {"HTTP_REFERER"=>"/users/register"}
REQUESTING PAGE: GET /users/register/register with {} and HTTP headers {}
REQUESTING PAGE: POST /users/register with {"utf8"=>"\xE2\x9C\x93", "user"=>{"email"=>"", "password"=>"", "password_confirmation"=>""}, "commit"=>"Sign up"} and HTTP headers {"HTTP_REFERER"=>"/users/register/register"}
REQUESTING PAGE: GET /users/register/register with {} and HTTP headers {}
REQUESTING PAGE: POST /users/register with {"utf8"=>"\xE2\x9C\x93", "user"=>{"email"=>"test@test.com", "password"=>"testme", "password_confirmation"=>"testme"}, "commit"=>"Sign up"} and HTTP headers {"HTTP_REFERER"=>"/users/register/register"}
REQUESTING PAGE: GET http://www.example.com/ with {} and HTTP headers {"HTTP_REFERER"=>"/users/register"}
REQUESTING PAGE: GET /users/register/register with {} and HTTP headers {}
REQUESTING PAGE: POST /users/register with {"utf8"=>"\xE2\x9C\x93", "user"=>{"email"=>"", "password"=>"", "password_confirmation"=>""}, "commit"=>"Sign up"} and HTTP headers {"HTTP_REFERER"=>"/users/register/register"}
REQUESTING PAGE: GET /users/register/register with {} and HTTP headers {}
REQUESTING PAGE: POST /users/register with {"utf8"=>"\xE2\x9C\x93", "user"=>{"email"=>"test@test.com", "password"=>"testme", "password_confirmation"=>"testme"}, "commit"=>"Sign up"} and HTTP headers {"HTTP_REFERER"=>"/users/register/register"}
REQUESTING PAGE: GET http://www.example.com/ with {} and HTTP headers {"HTTP_REFERER"=>"/users/register"}
REQUESTING PAGE: GET /users/register/register with {} and HTTP headers {}
REQUESTING PAGE: POST /users/register with {"utf8"=>"\xE2\x9C\x93", "user"=>{"email"=>"", "password"=>"", "password_confirmation"=>""}, "commit"=>"Sign up"} and HTTP headers {"HTTP_REFERER"=>"/users/register/register"}
REQUESTING PAGE: GET /users/register/register with {} and HTTP headers {}
REQUESTING PAGE: POST /users/register with {"utf8"=>"\xE2\x9C\x93", "user"=>{"email"=>"test@test.com", "password"=>"testme", "password_confirmation"=>"testme"}, "commit"=>"Sign up"} and HTTP headers {"HTTP_REFERER"=>"/users/register/register"}
REQUESTING PAGE: GET http://www.example.com/ with {} and HTTP headers {"HTTP_REFERER"=>"/users/register"}
REQUESTING PAGE: GET /users/register/register with {} and HTTP headers {}
REQUESTING PAGE: POST /users/register with {"utf8"=>"\xE2\x9C\x93", "user"=>{"email"=>"", "password"=>"", "password_confirmation"=>""}, "commit"=>"Sign up"} and HTTP headers {"HTTP_REFERER"=>"/users/register/register"}
REQUESTING PAGE: GET /users/register/register with {} and HTTP headers {}
REQUESTING PAGE: POST /users/register with {"utf8"=>"\xE2\x9C\x93", "user"=>{"email"=>"test@test.com", "password"=>"testme", "password_confirmation"=>"testme"}, "commit"=>"Sign up"} and HTTP headers {"HTTP_REFERER"=>"/users/register/register"}
REQUESTING PAGE: GET http://www.example.com/ with {} and HTTP headers {"HTTP_REFERER"=>"/users/register"}
